[debug] [2018-07-13T03:46:13.818Z] ----------------------------------------------------------------------
[debug] [2018-07-13T03:46:13.821Z] Command:       C:\Program Files\nodejs\node.exe C:\Users\krishna\AppData\Roaming\npm\node_modules\firebase-tools\bin\firebase init learningreact
[debug] [2018-07-13T03:46:13.822Z] CLI Version:   3.19.3
[debug] [2018-07-13T03:46:13.822Z] Platform:      win32
[debug] [2018-07-13T03:46:13.822Z] Node Version:  v8.11.3
[debug] [2018-07-13T03:46:13.823Z] Time:          Fri Jul 13 2018 09:16:13 GMT+0530 (India Standard Time)
[debug] [2018-07-13T03:46:13.823Z] ----------------------------------------------------------------------
[debug] 
[debug] [2018-07-13T03:46:13.837Z] > command requires scopes: ["email","openid","https://www.googleapis.com/auth/cloudplatformprojects.readonly","https://www.googleapis.com/auth/firebase"]
[debug] [2018-07-13T03:46:13.838Z] > authorizing via signed-in user
[info] 
     ######## #### ########  ######## ########     ###     ######  ########
     ##        ##  ##     ## ##       ##     ##  ##   ##  ##       ##
     ######    ##  ########  ######   ########  #########  ######  ######
     ##        ##  ##    ##  ##       ##     ## ##     ##       ## ##
     ##       #### ##     ## ######## ########  ##     ##  ######  ########

You're about to initialize a Firebase project in this directory:

  F:\GitHub\ReactJSApps\first-app

Before we get started, keep in mind:

  * You are initializing in an existing Firebase project directory

[info] 
=== Project Setup
[info] 
[info] First, let's associate this project directory with a Firebase project.
[info] You can create multiple project aliases by running firebase use --add, 
[info] but for now we'll just set up a default project.
[info] 
[debug] [2018-07-13T03:46:20.619Z] >>> HTTP REQUEST GET https://admin.firebase.com/v1/projects  
  
 Fri Jul 13 2018 09:16:20 GMT+0530 (India Standard Time)
[debug] [2018-07-13T03:46:21.960Z] <<< HTTP RESPONSE 200
[info] 
=== Learningreact Setup
[debug] [2018-07-13T03:46:29.416Z] TypeError: features[nextFeature] is not a function
    at init (C:\Users\krishna\AppData\Roaming\npm\node_modules\firebase-tools\lib\init\index.js:13:49)
    at C:\Users\krishna\AppData\Roaming\npm\node_modules\firebase-tools\lib\init\index.js:14:14
    at <anonymous>
    at process._tickDomainCallback (internal/process/next_tick.js:228:7)
[error] 
[error] Error: An unexpected error has occurred.
